<?xml version="1.0" encoding="UTF-8"?>
<testsuite name="runners.AndroidRunner" tests="0" skipped="0" failures="0" errors="0" timestamp="1970-01-01T00:00:00" hostname="INsrinuk.local" time="0.0">
  <properties/>
  <system-out><![CDATA[
7 Scenarios (?[32m7 passed?[0m)
7 Steps (?[32m7 passed?[0m)
0m27.257s

]]></system-out>
  <system-err><![CDATA[]]></system-err>
</testsuite>
