<?xml version="1.0" encoding="UTF-8"?>
<testsuite name="runners.AndroidTestRunner" tests="0" skipped="0" failures="0" errors="0" timestamp="1970-01-01T00:00:00" hostname="INsrinuk.local" time="0.0">
  <properties/>
  <system-out><![CDATA[Feature: Login feature

  @android
  Scenario: Login scenario ?[90m# login.feature:3?[0m
    ?[33mGiven ?[0m?[33mI am a user?[0m

1 Scenarios (?[33m1 undefined?[0m)
1 Steps (?[33m1 undefined?[0m)
0m0.000s


You can implement missing steps with the snippets below:

@Given("^I am a user$")
public void i_am_a_user() throws Throwable {
    // Write code here that turns the phrase above into concrete actions
    throw new PendingException();
}

]]></system-out>
  <system-err><![CDATA[]]></system-err>
</testsuite>
